<?xml version="1.0" encoding="UTF-8"?>
<testsuite xmlns:xsi="http://www.w3.org/2001/XMLSchema-instance" xsi:noNamespaceSchemaLocation="https://maven.apache.org/surefire/maven-surefire-plugin/xsd/surefire-test-report.xsd" name="TestSuite" time="19.336" tests="5" errors="0" skipped="0" failures="3">
  <properties>
[...]
</properties>
  <testcase name="checkStatusCodeOfRequestWithInvalidCityName" classname="currentweatherdata.WeatherDataForOneLocationByCityNameTestSuit" time="3.752">
    <failure message="Actual statusCode doesn`t match with expected expected [404] but found [200]" type="java.lang.AssertionError">java.lang.AssertionError: Actual statusCode doesn`t match with expected expected [404] but found [200]
	at currentweatherdata.WeatherDataForOneLocationByCityNameTestSuit.checkStatusCodeOfRequestWithInvalidCityName(WeatherDataForOneLocationByCityNameTestSuit.java:46)
</failure>
    <system-out><![CDATA[HTTP/1.1 200 OK
Server: openresty/1.9.7.1
Date: Thu, 16 Nov 2017 22:17:43 GMT
Content-Type: application/json; charset=utf-8
Transfer-Encoding: chunked
Connection: keep-alive
X-Frame-Options: SAMEORIGIN
X-XSS-Protection: 1; mode=block
X-Content-Type-Options: nosniff
ETag: W/"e70c27085ed41de5321252b16c9582fe"
Cache-Control: max-age=0, private, must-revalidate
X-Request-Id: d2ad6dfa-9ab8-40c7-8763-44f724795510
X-Runtime: 0.001463
Content-Encoding: gzip

{
    "coord": {
        "lon": -0.13,
        "lat": 51.51
    },
    "weather": [
        {
            "id": 300,
            "main": "Drizzle",
            "description": "light intensity drizzle",
            "icon": "09d"
        }
    ],
    "base": "stations",
    "main": {
        "temp": 280.32,
        "pressure": 1012,
        "humidity": 81,
        "temp_min": 279.15,
        "temp_max": 281.15
    },
    "visibility": 10000,
    "wind": {
        "speed": 4.1,
        "deg": 80
    },
    "clouds": {
        "all": 90
    },
    "dt": 1485789600,
    "sys": {
        "type": 1,
        "id": 5091,
        "message": 0.0103,
        "country": "GB",
        "sunrise": 1485762037,
        "sunset": 1485794875
    },
    "id": 2643743,
    "name": "London",
    "cod": 200
}
]]></system-out>
    <system-err><![CDATA[SLF4J: Failed to load class "org.slf4j.impl.StaticLoggerBinder".
SLF4J: Defaulting to no-operation (NOP) logger implementation
SLF4J: See http://www.slf4j.org/codes.html#StaticLoggerBinder for further details.
]]></system-err>
  </testcase>
  <testcase name="checkStatusCodeOfRequestWithMissedCityName" classname="currentweatherdata.WeatherDataForOneLocationByCityNameTestSuit" time="0.118">
    <failure message="Actual statusCode doesn`t match with expected expected [401] but found [200]" type="java.lang.AssertionError">java.lang.AssertionError: Actual statusCode doesn`t match with expected expected [401] but found [200]
	at currentweatherdata.WeatherDataForOneLocationByCityNameTestSuit.checkStatusCodeOfRequestWithMissedCityName(WeatherDataForOneLocationByCityNameTestSuit.java:57)
</failure>
    <system-out><![CDATA[HTTP/1.1 200 OK
Server: openresty/1.9.7.1
Date: Thu, 16 Nov 2017 22:17:44 GMT
Content-Type: application/json; charset=utf-8
Transfer-Encoding: chunked
Connection: keep-alive
X-Frame-Options: SAMEORIGIN
X-XSS-Protection: 1; mode=block
X-Content-Type-Options: nosniff
ETag: W/"5a26a9ba9743be7a7f7d95b80ca89341"
Cache-Control: max-age=0, private, must-revalidate
X-Request-Id: fb04d291-b935-4981-9124-2d974eed0063
X-Runtime: 0.003513
Content-Encoding: gzip

{
    "error": "404"
}
]]></system-out>
  </testcase>
  <testcase name="checkStatusCodeOfRequestWithMissedCityNameAndAppId" classname="currentweatherdata.WeatherDataForOneLocationByCityNameTestSuit" time="0.085">
    <failure message="Actual statusCode doesn`t match with expected expected [401] but found [200]" type="java.lang.AssertionError">java.lang.AssertionError: Actual statusCode doesn`t match with expected expected [401] but found [200]
	at currentweatherdata.WeatherDataForOneLocationByCityNameTestSuit.checkStatusCodeOfRequestWithMissedCityNameAndAppId(WeatherDataForOneLocationByCityNameTestSuit.java:65)
</failure>
    <system-out><![CDATA[HTTP/1.1 200 OK
Server: openresty/1.9.7.1
Date: Thu, 16 Nov 2017 22:17:44 GMT
Content-Type: application/json; charset=utf-8
Transfer-Encoding: chunked
Connection: keep-alive
X-Frame-Options: SAMEORIGIN
X-XSS-Protection: 1; mode=block
X-Content-Type-Options: nosniff
ETag: W/"c2982d5bd049cb3b75a04c2956d513ec"
Cache-Control: max-age=0, private, must-revalidate
X-Request-Id: f6e0239d-2a7f-4e58-b612-b7b7c04edb8d
X-Runtime: 0.000921
Content-Encoding: gzip

{
    "cod": 401,
    "message": "Invalid API key. Please see http://openweathermap.org/faq#error401 for more info."
}
]]></system-out>
  </testcase>
  <testcase name="checkStatusCodeOfRequestWithValidData" classname="currentweatherdata.WeatherDataForOneLocationByCityNameTestSuit" time="0.095"/>
  <testcase name="checkWeatherIdWithValidData" classname="currentweatherdata.WeatherDataForOneLocationByCityNameTestSuit" time="0.4"/>
</testsuite>