-------------------------------------------------------------------------------
Test set: TestSuite
-------------------------------------------------------------------------------
Tests run: 5, Failures: 3, Errors: 0, Skipped: 0, Time elapsed: 19.336 s <<< FAILURE! - in TestSuite
checkStatusCodeOfRequestWithInvalidCityName(currentweatherdata.WeatherDataForOneLocationByCityNameTestSuit)  Time elapsed: 3.752 s  <<< FAILURE!
java.lang.AssertionError: Actual statusCode doesn`t match with expected expected [404] but found [200]
	at currentweatherdata.WeatherDataForOneLocationByCityNameTestSuit.checkStatusCodeOfRequestWithInvalidCityName(WeatherDataForOneLocationByCityNameTestSuit.java:46)

checkStatusCodeOfRequestWithMissedCityName(currentweatherdata.WeatherDataForOneLocationByCityNameTestSuit)  Time elapsed: 0.118 s  <<< FAILURE!
java.lang.AssertionError: Actual statusCode doesn`t match with expected expected [401] but found [200]
	at currentweatherdata.WeatherDataForOneLocationByCityNameTestSuit.checkStatusCodeOfRequestWithMissedCityName(WeatherDataForOneLocationByCityNameTestSuit.java:57)

checkStatusCodeOfRequestWithMissedCityNameAndAppId(currentweatherdata.WeatherDataForOneLocationByCityNameTestSuit)  Time elapsed: 0.085 s  <<< FAILURE!
java.lang.AssertionError: Actual statusCode doesn`t match with expected expected [401] but found [200]
	at currentweatherdata.WeatherDataForOneLocationByCityNameTestSuit.checkStatusCodeOfRequestWithMissedCityNameAndAppId(WeatherDataForOneLocationByCityNameTestSuit.java:65)

